TN:
SF:src/modules/appointments/services/CreateAppointmentsServices.ts
FN:13,(anonymous_17)
FN:14,CreateAppointmentServices
FN:18,(anonymous_19)
FNF:3
FNH:3
FNDA:1,(anonymous_17)
FNDA:2,CreateAppointmentServices
FNDA:3,(anonymous_19)
DA:1,1
DA:2,1
DA:13,1
DA:16,2
DA:18,3
DA:19,3
DA:21,3
DA:25,3
DA:26,1
DA:29,2
DA:34,2
DA:36,1
DA:38,1
LF:13
LH:13
BRDA:25,0,0,1
BRDA:25,0,1,2
BRF:2
BRH:2
end_of_record
TN:
SF:src/modules/users/services/AuthenticateUserService.ts
FN:24,(anonymous_18)
FN:25,AuthenticateUserServices
FN:33,(anonymous_20)
FNF:3
FNH:3
FNDA:1,(anonymous_18)
FNDA:2,AuthenticateUserServices
FNDA:2,(anonymous_20)
DA:3,1
DA:4,1
DA:6,1
DA:24,1
DA:27,2
DA:30,2
DA:33,2
DA:35,2
DA:37,2
DA:38,1
DA:49,1
DA:51,1
DA:56,1
DA:58,1
DA:60,1
LF:15
LH:15
BRDA:35,0,0,2
BRDA:37,1,0,1
BRDA:37,1,1,1
BRF:3
BRH:3
end_of_record
TN:
SF:src/modules/users/services/CreateUsersServices.ts
FN:17,(anonymous_17)
FN:18,CreateUsersServices
FN:26,(anonymous_19)
FNF:3
FNH:3
FNDA:2,(anonymous_17)
FNDA:4,CreateUsersServices
FNDA:5,(anonymous_19)
DA:6,2
DA:17,2
DA:20,4
DA:23,4
DA:26,5
DA:29,5
DA:31,5
DA:32,1
DA:35,4
DA:37,4
DA:43,4
DA:45,2
DA:47,2
LF:13
LH:13
BRDA:29,0,0,5
BRDA:31,1,0,1
BRDA:31,1,1,4
BRF:3
BRH:3
end_of_record
TN:
SF:src/modules/users/services/ResetPasswordService.ts
FN:14,(anonymous_17)
FN:15,ResetPasswordService
FN:27,(anonymous_19)
FNF:3
FNH:3
FNDA:1,(anonymous_17)
FNDA:3,ResetPasswordService
FNDA:3,(anonymous_19)
DA:1,1
DA:2,1
DA:14,1
DA:17,3
DA:21,3
DA:24,3
DA:27,3
DA:28,3
DA:29,3
DA:30,1
DA:33,2
DA:34,2
DA:35,1
DA:38,1
DA:39,1
DA:40,1
DA:41,1
DA:44,0
DA:47,0
DA:50,1
DA:52,1
LF:21
LH:19
BRDA:28,0,0,3
BRDA:29,1,0,1
BRDA:29,1,1,2
BRDA:33,2,0,0
BRDA:33,2,1,2
BRDA:33,3,0,2
BRDA:33,3,1,2
BRDA:34,4,0,1
BRDA:34,4,1,1
BRDA:40,5,0,1
BRDA:40,5,1,0
BRF:11
BRH:9
end_of_record
TN:
SF:src/modules/users/services/SendForgotPasswordEmailService.ts
FN:15,(anonymous_18)
FN:16,SendForgotPasswordEmailService
FN:27,(anonymous_20)
FNF:3
FNH:3
FNDA:1,(anonymous_18)
FNDA:3,SendForgotPasswordEmailService
FNDA:3,(anonymous_20)
DA:2,1
DA:3,1
DA:15,1
DA:18,3
DA:21,3
DA:24,3
DA:27,3
DA:28,3
DA:30,3
DA:31,1
DA:33,2
DA:35,2
DA:37,4
DA:52,1
DA:54,1
LF:15
LH:15
BRDA:28,0,0,3
BRDA:30,1,0,1
BRDA:30,1,1,2
BRF:3
BRH:3
end_of_record
TN:
SF:src/modules/users/services/UpdateUserAvatarServices.ts
FN:19,(anonymous_17)
FN:20,UpdateUserAvatarServices
FN:28,(anonymous_19)
FNF:3
FNH:3
FNDA:1,(anonymous_17)
FNDA:4,UpdateUserAvatarServices
FNDA:4,(anonymous_19)
DA:6,1
DA:19,1
DA:22,4
DA:25,4
DA:28,4
DA:30,4
DA:31,4
DA:32,1
DA:34,5
DA:35,2
DA:44,3
DA:46,3
DA:48,6
DA:50,3
DA:52,1
DA:54,1
LF:16
LH:16
BRDA:30,0,0,4
BRDA:30,0,1,3
BRDA:31,1,0,1
BRDA:31,1,1,3
BRDA:34,2,0,2
BRDA:34,2,1,1
BRF:6
BRH:6
end_of_record
